[Licensing::Module] Trying to connect to existing licensing client channel...
Built from '6000.0/staging' branch; Version is '6000.0.69f1 (5f8607f5118b) revision 6260231'; Using compiler version '193933523'; Build Type 'Release'
[Licensing::IpcConnector] Successfully connected to: "LicenseClient-lanen" at "2026-04-10T08:53:04.0482222Z"
OS: 'Windows 11  (10.0.26200) Core' Language: 'no' Physical Memory: 24283 MB
BatchMode: 1, IsHumanControllingUs: 0, StartBugReporterOnCrash: 0, Is64bit: 1
System  architecture: x64
Process architecture: x64
Date: 2026-04-10T08:53:04Z

COMMAND LINE ARGUMENTS:
C:\Program Files\Unity\Hub\Editor\6000.0.69f1\Editor\Unity.exe
-adb2
-batchMode
-noUpm
-name
AssetImportWorker2
-projectPath
C:/Unity/Game Design 2/2D Project
-logFile
Logs/AssetImportWorker2.log
-srvPort
57899
-job-worker-count
7
-background-job-worker-count
8
-gc-helper-count
1
-name
AssetImport
Successfully changed project path to: C:/Unity/Game Design 2/2D Project
C:/Unity/Game Design 2/2D Project
[UnityMemory] Configuration Parameters - Can be set up in boot.config
    "memorysetup-bucket-allocator-granularity=16"
    "memorysetup-bucket-allocator-bucket-count=8"
    "memorysetup-bucket-allocator-block-size=33554432"
    "memorysetup-bucket-allocator-block-count=8"
    "memorysetup-main-allocator-block-size=16777216"
    "memorysetup-thread-allocator-block-size=16777216"
    "memorysetup-gfx-main-allocator-block-size=16777216"
    "memorysetup-gfx-thread-allocator-block-size=16777216"
    "memorysetup-cache-allocator-block-size=4194304"
    "memorysetup-typetree-allocator-block-size=2097152"
    "memorysetup-profiler-bucket-allocator-granularity=16"
    "memorysetup-profiler-bucket-allocator-bucket-count=8"
    "memorysetup-profiler-bucket-allocator-block-size=33554432"
    "memorysetup-profiler-bucket-allocator-block-count=8"
    "memorysetup-profiler-allocator-block-size=16777216"
    "memorysetup-profiler-editor-allocator-block-size=1048576"
    "memorysetup-temp-allocator-size-main=16777216"
    "memorysetup-job-temp-allocator-block-size=2097152"
    "memorysetup-job-temp-allocator-block-size-background=1048576"
    "memorysetup-job-temp-allocator-reduction-small-platforms=262144"
    "memorysetup-allocator-temp-initial-block-size-main=262144"
    "memorysetup-allocator-temp-initial-block-size-worker=262144"
    "memorysetup-temp-allocator-size-background-worker=32768"
    "memorysetup-temp-allocator-size-job-worker=262144"
    "memorysetup-temp-allocator-size-preload-manager=33554432"
    "memorysetup-temp-allocator-size-nav-mesh-worker=65536"
    "memorysetup-temp-allocator-size-audio-worker=65536"
    "memorysetup-temp-allocator-size-cloud-worker=32768"
    "memorysetup-temp-allocator-size-gi-baking-worker=262144"
    "memorysetup-temp-allocator-size-gi-baking-worker=262144"
    "memorysetup-temp-allocator-size-gi-baking-worker=262144"
    "memorysetup-temp-allocator-size-gi-baking-worker=262144"
    "memorysetup-temp-allocator-size-gi-baking-worker=262144"
    "memorysetup-temp-allocator-size-gfx=262144"
Player connection [26212]  Target information:

Player connection [26212]  * "[IP] 172.26.3.24 [Port] 0 [Flags] 2 [Guid] 2774800817 [EditorId] 2774800817 [Version] 1048832 [Id] WindowsEditor(7,Lane) [Debug] 1 [PackageName] WindowsEditor [ProjectName] Editor" 

Player connection [26212] Host joined multi-casting on [225.0.0.222:54997]...
Player connection [26212] Host joined alternative multi-casting on [225.0.0.222:34997]...
JobSystem: Creating JobQueue using job-worker-count value 7
Input System module state changed to: Initialized.
[Physics::Module] Initialized fallback backend.
[Physics::Module] Id: 0xdecafbad
Library Redirect Path: Library/
[Physics::Module] Selected backend.
[Physics::Module] Name: PhysX
[Physics::Module] Id: 0xf2b8ea05
[Physics::Module] SDK Version: 4.1.2
[Physics::Module] Integration Version: 1.0.0
[Physics::Module] Threading Mode: Multi-Threaded
Refreshing native plugins compatible for Editor in 1.99 ms, found 4 plugins.
Preloading 0 native plugins for Editor in 0.00 ms.
Initialize engine version: 6000.0.69f1 (5f8607f5118b)
[Subsystems] Discovering subsystems at path C:/Program Files/Unity/Hub/Editor/6000.0.69f1/Editor/Data/Resources/UnitySubsystems
[Subsystems] Discovering subsystems at path C:/Unity/Game Design 2/2D Project/Assets
GfxDevice: creating device client; kGfxThreadingModeNonThreaded
Direct3D:
    Version:  Direct3D 11.0 [level 11.1]
    Renderer: NVIDIA GeForce RTX 5050 Laptop GPU (ID=0x2dd8)
    Vendor:   NVIDIA
    VRAM:     7822 MB
    Driver:   32.0.15.8195
Initialize mono
Mono path[0] = 'C:/Program Files/Unity/Hub/Editor/6000.0.69f1/Editor/Data/Managed'
Mono path[1] = 'C:/Program Files/Unity/Hub/Editor/6000.0.69f1/Editor/Data/MonoBleedingEdge/lib/mono/unityjit-win32'
Mono config path = 'C:/Program Files/Unity/Hub/Editor/6000.0.69f1/Editor/Data/MonoBleedingEdge/etc'
Using monoOptions --debugger-agent=transport=dt_socket,embedding=1,server=y,suspend=n,address=127.0.0.1:56360
Begin MonoManager ReloadAssembly
Registering precompiled unity dll's ...
Register platform support module: C:/Program Files/Unity/Hub/Editor/6000.0.69f1/Editor/Data/PlaybackEngines/WebGLSupport/UnityEditor.WebGL.Extensions.dll
Register platform support module: C:/Program Files/Unity/Hub/Editor/6000.0.69f1/Editor/Data/PlaybackEngines/WindowsStandaloneSupport/UnityEditor.WindowsStandalone.Extensions.dll
[Licensing::Module] Licensing is not yet initialized.
[Licensing::Client] Handshaking with LicensingClient:
  Version:                 1.17.4+4293ba1
  Session Id:              ef240da6a9c94286aeceb499ecaf3db1
  Correlation Id:          bb8e9b09b76d04012acf17100f1dc9d9
  External correlation Id: 917040350162440248
  Machine Id:              r2jXKdTW+8m6dBmZFJoOAum/yC0=
[Licensing::Module] Successfully connected to LicensingClient on channel: "LicenseClient-lanen" (connect: 0.00s, validation: 0.12s, handshake: 1.02s)
[Licensing::IpcConnector] Successfully connected to: "LicenseClient-lanen-notifications" at "2026-04-10T08:53:05.2270684Z"
[Licensing::Module] Licensing Background thread has ended after 1.18s
[Licensing::Module] Licensing is initialized (took 0.40s).
[Licensing::Client] Successfully resolved entitlement details
[Licensing::Module] License group:
  Id: 5773931882619-UnityPersXXXX
  Product: Unity Personal
  Type: Assigned
  Expiration: Unlimited
Register platform support module: C:/Program Files/Unity/Hub/Editor/6000.0.69f1/Editor/Data/PlaybackEngines/MetroSupport/UnityEditor.UWP.Extensions.dll
Registered in 0.659583 seconds.
- Loaded All Assemblies, in  1.060 seconds
Native extension for UWP target not found
Native extension for WindowsStandalone target not found
Native extension for WebGL target not found
Package Manager log level set to [2]
[Package Manager] Failed to launch server process. Reason: Unity was launched with the -noUpm command-line argument
[Package Manager] Unable to send message (not connected to server process).
[Package Manager] Cannot connect to Unity Package Manager local server
Mono: successfully reloaded assembly
- Finished resetting the current domain, in  0.327 seconds
Domain Reload Profiling: 1386ms
	BeginReloadAssembly (142ms)
		ExecutionOrderSort (0ms)
		DisableScriptedObjects (0ms)
		BackupInstance (0ms)
		ReleaseScriptingObjects (0ms)
		CreateAndSetChildDomain (1ms)
	RebuildCommonClasses (38ms)
	RebuildNativeTypeToScriptingClass (13ms)
	initialDomainReloadingComplete (705ms)
	LoadAllAssembliesAndSetupDomain (160ms)
		LoadAssemblies (140ms)
		RebuildTransferFunctionScriptingTraits (0ms)
		AnalyzeDomain (157ms)
			TypeCache.Refresh (155ms)
				TypeCache.ScanAssembly (143ms)
			BuildScriptInfoCaches (0ms)
			ResolveRequiredComponents (0ms)
	FinalizeReload (327ms)
		ReleaseScriptCaches (0ms)
		RebuildScriptCaches (0ms)
		SetupLoadedEditorAssemblies (279ms)
			LogAssemblyErrors (0ms)
			InitializePlatformSupportModulesInManaged (28ms)
			SetLoadedEditorAssemblies (5ms)
			BeforeProcessingInitializeOnLoad (53ms)
			ProcessInitializeOnLoadAttributes (142ms)
			ProcessInitializeOnLoadMethodAttributes (52ms)
			AfterProcessingInitializeOnLoad (0ms)
			EditorAssembliesLoaded (0ms)
		ExecutionOrderSort2 (0ms)
		AwakeInstancesAfterBackupRestoration (0ms)
========================================================================
Worker process is ready to serve import requests
Import Worker Mode flag is 0x00
Begin MonoManager ReloadAssembly
[Licensing::Client] Successfully resolved entitlement details
- Loaded All Assemblies, in  0.793 seconds
Refreshing native plugins compatible for Editor in 1.16 ms, found 4 plugins.
Native extension for UWP target not found
Native extension for WindowsStandalone target not found
Native extension for WebGL target not found
[Package Manager] Failed to launch server process. Reason: Unity was launched with the -noUpm command-line argument
[Package Manager] Unable to send message (not connected to server process).
[Package Manager] Cannot connect to Unity Package Manager local server
[Package Manager] Failed to launch server process. Reason: Unity was launched with the -noUpm command-line argument
[Package Manager] Unable to send message (not connected to server process).
[Package Manager] Cannot connect to Unity Package Manager local server
Mono: successfully reloaded assembly
- Finished resetting the current domain, in  0.776 seconds
Domain Reload Profiling: 1565ms
	BeginReloadAssembly (188ms)
		ExecutionOrderSort (0ms)
		DisableScriptedObjects (5ms)
		BackupInstance (0ms)
		ReleaseScriptingObjects (0ms)
		CreateAndSetChildDomain (27ms)
	RebuildCommonClasses (35ms)
	RebuildNativeTypeToScriptingClass (10ms)
	initialDomainReloadingComplete (39ms)
	LoadAllAssembliesAndSetupDomain (517ms)
		LoadAssemblies (349ms)
		RebuildTransferFunctionScriptingTraits (0ms)
		AnalyzeDomain (258ms)
			TypeCache.Refresh (180ms)
				TypeCache.ScanAssembly (166ms)
			BuildScriptInfoCaches (64ms)
			ResolveRequiredComponents (10ms)
	FinalizeReload (776ms)
		ReleaseScriptCaches (0ms)
		RebuildScriptCaches (0ms)
		SetupLoadedEditorAssemblies (597ms)
			LogAssemblyErrors (0ms)
			InitializePlatformSupportModulesInManaged (4ms)
			SetLoadedEditorAssemblies (3ms)
			BeforeProcessingInitializeOnLoad (111ms)
			ProcessInitializeOnLoadAttributes (370ms)
			ProcessInitializeOnLoadMethodAttributes (104ms)
			AfterProcessingInitializeOnLoad (5ms)
			EditorAssembliesLoaded (0ms)
		ExecutionOrderSort2 (0ms)
		AwakeInstancesAfterBackupRestoration (7ms)
Launched and connected shader compiler UnityShaderCompiler.exe after 0.02 seconds
Refreshing native plugins compatible for Editor in 1.45 ms, found 4 plugins.
Preloading 0 native plugins for Editor in 0.00 ms.
Unloading 13 Unused Serialized files (Serialized files now loaded: 0)
Unloading 6748 unused Assets / (4.8 MB). Loaded Objects now: 7454.
Memory consumption went from 144.6 MB to 139.7 MB.
Total: 8.558600 ms (FindLiveObjects: 0.613500 ms CreateObjectMapping: 0.600000 ms MarkObjects: 4.817300 ms  DeleteObjects: 2.523300 ms)

========================================================================
Received Import Request.
  Time since last request: 257923.095291 seconds.
  path: Packages/com.unity.2d.psdimporter/Editor/Assets/root-red.mat
  artifactKey: Guid(4459fff084dd84526ab8fd5082d2eacb) Importer(815301076,1909f56bfc062723c751e8b465ee728b)
Start importing Packages/com.unity.2d.psdimporter/Editor/Assets/root-red.mat using Guid(4459fff084dd84526ab8fd5082d2eacb) Importer(815301076,1909f56bfc062723c751e8b465ee728b) (PreviewImporter) -> (artifact id: 'bcf0bd4146e309ff50645710fdd2edf0') in 0.4620348 seconds
Number of updated asset objects reloaded before import = 0Number of asset objects unloaded after import = 1

========================================================================
Received Import Request.
  Time since last request: 178.423870 seconds.
  path: Assets/BackgroundSprites
  artifactKey: Guid(a033711823231ce4a99d044622a920f4) Importer(815301076,1909f56bfc062723c751e8b465ee728b)
Start importing Assets/BackgroundSprites using Guid(a033711823231ce4a99d044622a920f4) Importer(815301076,1909f56bfc062723c751e8b465ee728b) (PreviewImporter) -> (artifact id: '00b2f21ee941174cadd28a1a56348c2d') in 0.0007296 seconds
Number of updated asset objects reloaded before import = 0Number of asset objects unloaded after import = 0

========================================================================
Received Import Request.
  Time since last request: 3.171817 seconds.
  path: Assets/Backgrounds
  artifactKey: Guid(9a86bb90dfecdaa4291f241e9325bb76) Importer(815301076,1909f56bfc062723c751e8b465ee728b)
Start importing Assets/Backgrounds using Guid(9a86bb90dfecdaa4291f241e9325bb76) Importer(815301076,1909f56bfc062723c751e8b465ee728b) (PreviewImporter) -> (artifact id: '1db568f9cc9dd16c5692b0f6c1b21a67') in 0.0007362 seconds
Number of updated asset objects reloaded before import = 0Number of asset objects unloaded after import = 0

========================================================================
Received Import Request.
  Time since last request: 1.161824 seconds.
  path: Assets/Backgrounds/Dining-Room-No-Lights.png
  artifactKey: Guid(36d45f63632bf814dbf0c66d1a2fc0bc) Importer(815301076,1909f56bfc062723c751e8b465ee728b)
Start importing Assets/Backgrounds/Dining-Room-No-Lights.png using Guid(36d45f63632bf814dbf0c66d1a2fc0bc) Importer(815301076,1909f56bfc062723c751e8b465ee728b) (PreviewImporter)[Licensing::Client] Successfully resolved entitlement details
 -> (artifact id: '38c3184d873699038a4d7ab050a384ba') in 0.0495286 seconds
Number of updated asset objects reloaded before import = 0Number of asset objects unloaded after import = 3

========================================================================
Received Import Request.
  Time since last request: 4.593964 seconds.
  path: Assets/Backgrounds/Sky-Background-Night.png
  artifactKey: Guid(c0e97cfb5225fa349ac703b06790bbad) Importer(815301076,1909f56bfc062723c751e8b465ee728b)
Start importing Assets/Backgrounds/Sky-Background-Night.png using Guid(c0e97cfb5225fa349ac703b06790bbad) Importer(815301076,1909f56bfc062723c751e8b465ee728b) (PreviewImporter) -> (artifact id: '2674904090f1018e7d281787844125d3') in 0.0438306 seconds
Number of updated asset objects reloaded before import = 0Number of asset objects unloaded after import = 3

========================================================================
Received Import Request.
  Time since last request: 288.785330 seconds.
  path: Assets/MC-With-Candle.png
  artifactKey: Guid(cf81aed92e4647348987a9431af8bd50) Importer(815301076,1909f56bfc062723c751e8b465ee728b)
Start importing Assets/MC-With-Candle.png using Guid(cf81aed92e4647348987a9431af8bd50) Importer(815301076,1909f56bfc062723c751e8b465ee728b) (PreviewImporter) -> (artifact id: '275425189e196e9158333e1182a78082') in 0.0329959 seconds
Number of updated asset objects reloaded before import = 0Number of asset objects unloaded after import = 3

========================================================================
Received Import Request.
  Time since last request: 62.857875 seconds.
  path: Assets/New Folder
  artifactKey: Guid(fdf64108ad3fb8a47852d69d0877c88a) Importer(815301076,1909f56bfc062723c751e8b465ee728b)
Start importing Assets/New Folder using Guid(fdf64108ad3fb8a47852d69d0877c88a) Importer(815301076,1909f56bfc062723c751e8b465ee728b) (PreviewImporter) -> (artifact id: '2ec18aa1a52f24be036f12632595fd5d') in 0.0009063 seconds
Number of updated asset objects reloaded before import = 0Number of asset objects unloaded after import = 0

========================================================================
Received Import Request.
  Time since last request: 4.237973 seconds.
  path: Assets/Characters
  artifactKey: Guid(701346da3b7f8e1448106d427330672e) Importer(815301076,1909f56bfc062723c751e8b465ee728b)
Start importing Assets/Characters using Guid(701346da3b7f8e1448106d427330672e) Importer(815301076,1909f56bfc062723c751e8b465ee728b) (PreviewImporter) -> (artifact id: 'd104e6832266c372f32779448bbf206e') in 0.0009255 seconds
Number of updated asset objects reloaded before import = 0Number of asset objects unloaded after import = 0

========================================================================
Received Import Request.
  Time since last request: 408.862683 seconds.
  path: Assets/Dining-Room-Background.png
  artifactKey: Guid(388f0d126f9e5ac44afeff6f09467dca) Importer(815301076,1909f56bfc062723c751e8b465ee728b)
Start importing Assets/Dining-Room-Background.png using Guid(388f0d126f9e5ac44afeff6f09467dca) Importer(815301076,1909f56bfc062723c751e8b465ee728b) (PreviewImporter) -> (artifact id: '53c0d69ab812110541992195dbaf734b') in 0.0325649 seconds
Number of updated asset objects reloaded before import = 0Number of asset objects unloaded after import = 3

========================================================================
Received Import Request.
  Time since last request: 43.062646 seconds.
  path: Assets/DefaultVolumeProfile.asset
  artifactKey: Guid(3f9215ea0144899419cfbc0957140d3f) Importer(815301076,1909f56bfc062723c751e8b465ee728b)
Start importing Assets/DefaultVolumeProfile.asset using Guid(3f9215ea0144899419cfbc0957140d3f) Importer(815301076,1909f56bfc062723c751e8b465ee728b) (PreviewImporter) -> (artifact id: '1e3ee85287093c2e01e2184a29fd3edf') in 0.001479 seconds
Number of updated asset objects reloaded before import = 0Number of asset objects unloaded after import = 0

========================================================================
Received Import Request.
  Time since last request: 684.928388 seconds.
  path: Assets/Backgrounds/DiningBackground 1.png
  artifactKey: Guid(b948d2c70b7e30e4d927207440afb235) Importer(815301076,1909f56bfc062723c751e8b465ee728b)
Start importing Assets/Backgrounds/DiningBackground 1.png using Guid(b948d2c70b7e30e4d927207440afb235) Importer(815301076,1909f56bfc062723c751e8b465ee728b) (PreviewImporter) -> (artifact id: 'fd42e2cf27d436ae7f8643714d864ffa') in 0.0279358 seconds
Number of updated asset objects reloaded before import = 0Number of asset objects unloaded after import = 3

========================================================================
Received Import Request.
  Time since last request: 0.000046 seconds.
  path: Assets/Backgrounds/DiningBackground.png
  artifactKey: Guid(acfecdb84c00f20418a93eaca682d5f6) Importer(815301076,1909f56bfc062723c751e8b465ee728b)
Start importing Assets/Backgrounds/DiningBackground.png using Guid(acfecdb84c00f20418a93eaca682d5f6) Importer(815301076,1909f56bfc062723c751e8b465ee728b) (PreviewImporter) -> (artifact id: '00000000000000000000000000000000') in 0.5981056 seconds
Import Error Code:(4)
Message: Build asset version error: assets/backgrounds/diningbackground.png in SourceAssetDB has modification time of '2026-04-10T09:13:06.0562108Z' while content on disk has modification time of '0001-01-01T00:00:00Z' with error code 2
Stacktrace:
0x00007fffe832f8bd (Unity) StackWalker::ShowCallstack
0x00007fffe833f699 (Unity) PlatformStacktrace::GetStacktrace
0x00007fffe95919ee (Unity) Stacktrace::GetStacktrace
0x00007fffe97fa357 (Unity) GetAssetHashAndValidate
0x00007fffe97f5bf5 (Unity) AssetVersionBuilder::BuildHashOfSourceAssetArray
0x00007fffe97f3d2b (Unity) AssetVersionBuilder::BuildAssetVersion
0x00007fffe9774193 (Unity) CreateAssetVersionBuilder
0x00007fffe9779a9a (Unity) ImportToObjects
0x00007fffe97786f8 (Unity) ImportAsset
0x00007fffe979c671 (Unity) AssetImportWorker::Import
0x00007fffe980a54a (Unity) <lambda_0839200eb14ef4d5c88244fd6651a174>::operator()
0x00007fffe984a94e (Unity) asio::detail::completion_handler<core::mutable_function<void __cdecl(void)>,asio::io_context::basic_executor_type<std::allocator<void>,0> >::do_complete
0x00007fffe983830a (Unity) asio::detail::win_iocp_io_context::do_one
0x00007fffe9839554 (Unity) asio::detail::win_iocp_io_context::run
0x00007fffe9848f6c (Unity) IOService::Run
0x00007fffe981b4ff (Unity) AssetImportWorkerClient::Run
0x00007fffe97df6c5 (Unity) RunAssetImportWorkerClientV2
0x00007fffe97df74b (Unity) RunAssetImporterV2
0x00007fffe8fad895 (Unity) Application::InitializeProject
0x00007fffe959d833 (Unity) UnityMain
0x00007ff6611d2fba (Unity) __scrt_common_main_seh
0x00007ff9c0fae8d7 (KERNEL32) BaseThreadInitThunk
0x00007ff9c180c48c (ntdll) RtlUserThreadStart

  ERROR: Build asset version error: assets/backgrounds/diningbackground.png in SourceAssetDB has modification time of '2026-04-10T09:13:06.0562108Z' while content on disk has modification time of '0001-01-01T00:00:00Z' with error code 2
Stacktrace:
0x00007fffe832f8bd (Unity) StackWalker::ShowCallstack
0x00007fffe833f699 (Unity) PlatformStacktrace::GetStacktrace
0x00007fffe95919ee (Unity) Stacktrace::GetStacktrace
0x00007fffe97fa357 (Unity) GetAssetHashAndValidate
0x00007fffe97f5bf5 (Unity) AssetVersionBuilder::BuildHashOfSourceAssetArray
0x00007fffe97f3d2b (Unity) AssetVersionBuilder::BuildAssetVersion
0x00007fffe9774193 (Unity) CreateAssetVersionBuilder
0x00007fffe9779a9a (Unity) ImportToObjects
0x00007fffe97786f8 (Unity) ImportAsset
0x00007fffe979c671 (Unity) AssetImportWorker::Import
0x00007fffe980a54a (Unity) <lambda_0839200eb14ef4d5c88244fd6651a174>::operator()
0x00007fffe984a94e (Unity) asio::detail::completion_handler<core::mutable_function<void __cdecl(void)>,asio::io_context::basic_executor_type<std::allocator<void>,0> >::do_complete
0x00007fffe983830a (Unity) asio::detail::win_iocp_io_context::do_one
0x00007fffe9839554 (Unity) asio::detail::win_iocp_io_context::run
0x00007fffe9848f6c (Unity) IOService::Run
0x00007fffe981b4ff (Unity) AssetImportWorkerClient::Run
0x00007fffe97df6c5 (Unity) RunAssetImportWorkerClientV2
0x00007fffe97df74b (Unity) RunAssetImporterV2
0x00007fffe8fad895 (Unity) Application::InitializeProject
0x00007fffe959d833 (Unity) UnityMain
0x00007ff6611d2fba (Unity) __scrt_common_main_seh
0x00007ff9c0fae8d7 (KERNEL32) BaseThreadInitThunk
0x00007ff9c180c48c (ntdll) RtlUserThreadStart

Number of updated asset objects reloaded before import = 0Number of asset objects unloaded after import = 0

========================================================================
Received Import Request.
  Time since last request: 5.015095 seconds.
  path: Assets/Characters/MC-Candle.png
  artifactKey: Guid(a46a1f0ae973ce944808ab9d8a027f14) Importer(815301076,1909f56bfc062723c751e8b465ee728b)
Start importing Assets/Characters/MC-Candle.png using Guid(a46a1f0ae973ce944808ab9d8a027f14) Importer(815301076,1909f56bfc062723c751e8b465ee728b) (PreviewImporter) -> (artifact id: '61502b9cdc2d8537eb66ac6b657fd981') in 0.0265265 seconds
Number of updated asset objects reloaded before import = 0Number of asset objects unloaded after import = 3

========================================================================
Received Import Request.
  Time since last request: 346.685101 seconds.
  path: Assets/Backgrounds/Night-Background.png
  artifactKey: Guid(1d3afa5662de3d44ab7de25f9bdaf507) Importer(815301076,1909f56bfc062723c751e8b465ee728b)
Start importing Assets/Backgrounds/Night-Background.png using Guid(1d3afa5662de3d44ab7de25f9bdaf507) Importer(815301076,1909f56bfc062723c751e8b465ee728b) (PreviewImporter) -> (artifact id: '62811059b7edc5657feb15517f806f9b') in 0.0282595 seconds
Number of updated asset objects reloaded before import = 0Number of asset objects unloaded after import = 3

========================================================================
Received Import Request.
  Time since last request: 3.226295 seconds.
  path: Assets/Characters/MC-Candle.png
  artifactKey: Guid(a46a1f0ae973ce944808ab9d8a027f14) Importer(815301076,1909f56bfc062723c751e8b465ee728b)
Start importing Assets/Characters/MC-Candle.png using Guid(a46a1f0ae973ce944808ab9d8a027f14) Importer(815301076,1909f56bfc062723c751e8b465ee728b) (PreviewImporter) -> (artifact id: '39a8d5004b4d4551cce29281a9b4053a') in 0.0323384 seconds
Number of updated asset objects reloaded before import = 0Number of asset objects unloaded after import = 3

========================================================================
Received Import Request.
  Time since last request: 114.612779 seconds.
  path: Assets/Backgrounds/Night.png
  artifactKey: Guid(8f398008448f39449b7f2a5fe1e3f231) Importer(815301076,1909f56bfc062723c751e8b465ee728b)
Start importing Assets/Backgrounds/Night.png using Guid(8f398008448f39449b7f2a5fe1e3f231) Importer(815301076,1909f56bfc062723c751e8b465ee728b) (PreviewImporter) -> (artifact id: '11e944954696aca4f72416cd607c0512') in 0.026781 seconds
Number of updated asset objects reloaded before import = 0Number of asset objects unloaded after import = 3

========================================================================
Received Import Request.
  Time since last request: 81.331162 seconds.
  path: Assets/Scripts
  artifactKey: Guid(909ec25b968b48d42a94a87deeb4512c) Importer(815301076,1909f56bfc062723c751e8b465ee728b)
Start importing Assets/Scripts using Guid(909ec25b968b48d42a94a87deeb4512c) Importer(815301076,1909f56bfc062723c751e8b465ee728b) (PreviewImporter) -> (artifact id: '11a571cb9e4dcdee0a8a6aac1587ef55') in 0.000723 seconds
Number of updated asset objects reloaded before import = 0Number of asset objects unloaded after import = 0

========================================================================
Received Prepare
Refreshing native plugins compatible for Editor in 1.25 ms, found 4 plugins.
Preloading 0 native plugins for Editor in 0.00 ms.
Unloading 13 Unused Serialized files (Serialized files now loaded: 0)
Unloading 6737 unused Assets / (4.1 MB). Loaded Objects now: 7633.
Memory consumption went from 150.3 MB to 146.2 MB.
Total: 74.500500 ms (FindLiveObjects: 0.967500 ms CreateObjectMapping: 0.546000 ms MarkObjects: 69.684800 ms  DeleteObjects: 3.299900 ms)

Prepare: number of updated asset objects reloaded= 0
========================================================================
Received Import Request.
  Time since last request: 15.801341 seconds.
  path: Assets/Scripts/PlayerMovement.cs
  artifactKey: Guid(9b9dfaf7c87109c48b304565324ea6b7) Importer(815301076,1909f56bfc062723c751e8b465ee728b)
Start importing Assets/Scripts/PlayerMovement.cs using Guid(9b9dfaf7c87109c48b304565324ea6b7) Importer(815301076,1909f56bfc062723c751e8b465ee728b) (PreviewImporter) -> (artifact id: '95bda1d4f9bb3909ab4f0da489e56b24') in 0.0273613 seconds
Number of updated asset objects reloaded before import = 0Number of asset objects unloaded after import = 0

========================================================================
Received Prepare
Begin MonoManager ReloadAssembly
[Licensing::Client] Successfully resolved entitlement details
- Loaded All Assemblies, in  8.249 seconds
Refreshing native plugins compatible for Editor in 1.00 ms, found 4 plugins.
Native extension for UWP target not found
Native extension for WindowsStandalone target not found
Native extension for WebGL target not found
[Package Manager] Failed to launch server process. Reason: Unity was launched with the -noUpm command-line argument
[Package Manager] Unable to send message (not connected to server process).
[Package Manager] Cannot connect to Unity Package Manager local server
[Package Manager] Failed to launch server process. Reason: Unity was launched with the -noUpm command-line argument
[Package Manager] Unable to send message (not connected to server process).
[Package Manager] Cannot connect to Unity Package Manager local server
Mono: successfully reloaded assembly
- Finished resetting the current domain, in  0.632 seconds
Domain Reload Profiling: 8883ms
	BeginReloadAssembly (1397ms)
		ExecutionOrderSort (0ms)
		DisableScriptedObjects (42ms)
		BackupInstance (0ms)
		ReleaseScriptingObjects (0ms)
		CreateAndSetChildDomain (94ms)
	RebuildCommonClasses (414ms)
	RebuildNativeTypeToScriptingClass (10ms)
	initialDomainReloadingComplete (28ms)
	LoadAllAssembliesAndSetupDomain (6401ms)
		LoadAssemblies (7084ms)
		RebuildTransferFunctionScriptingTraits (0ms)
		AnalyzeDomain (498ms)
			TypeCache.Refresh (11ms)
				TypeCache.ScanAssembly (0ms)
			BuildScriptInfoCaches (467ms)
			ResolveRequiredComponents (14ms)
	FinalizeReload (633ms)
		ReleaseScriptCaches (0ms)
		RebuildScriptCaches (0ms)
		SetupLoadedEditorAssemblies (486ms)
			LogAssemblyErrors (0ms)
			InitializePlatformSupportModulesInManaged (3ms)
			SetLoadedEditorAssemblies (5ms)
			BeforeProcessingInitializeOnLoad (104ms)
			ProcessInitializeOnLoadAttributes (317ms)
			ProcessInitializeOnLoadMethodAttributes (51ms)
			AfterProcessingInitializeOnLoad (4ms)
			EditorAssembliesLoaded (1ms)
		ExecutionOrderSort2 (0ms)
		AwakeInstancesAfterBackupRestoration (14ms)
Refreshing native plugins compatible for Editor in 1.30 ms, found 4 plugins.
Preloading 0 native plugins for Editor in 0.00 ms.
Unloading 13 Unused Serialized files (Serialized files now loaded: 0)
Unloading 6747 unused Assets / (4.7 MB). Loaded Objects now: 7533.
Memory consumption went from 152.7 MB to 148.0 MB.
Total: 7.330700 ms (FindLiveObjects: 0.552300 ms CreateObjectMapping: 0.518200 ms MarkObjects: 4.093700 ms  DeleteObjects: 2.165100 ms)

Prepare: number of updated asset objects reloaded= 0
========================================================================
Received Import Request.
  Time since last request: 70.181287 seconds.
  path: Assets/Scripts/PlayerMovement.cs
  artifactKey: Guid(9b9dfaf7c87109c48b304565324ea6b7) Importer(815301076,1909f56bfc062723c751e8b465ee728b)
Start importing Assets/Scripts/PlayerMovement.cs using Guid(9b9dfaf7c87109c48b304565324ea6b7) Importer(815301076,1909f56bfc062723c751e8b465ee728b) (PreviewImporter) -> (artifact id: 'c73984bfbeca803533aa5570849a39e3') in 0.0065296 seconds
Number of updated asset objects reloaded before import = 0Number of asset objects unloaded after import = 0

========================================================================
Received Import Request.
  Time since last request: 6024.397755 seconds.
  path: Assets/New Scene.unity
  artifactKey: Guid(8747f3dbb17f8ec45adf784d1ef07bc4) Importer(815301076,1909f56bfc062723c751e8b465ee728b)
Start importing Assets/New Scene.unity using Guid(8747f3dbb17f8ec45adf784d1ef07bc4) Importer(815301076,1909f56bfc062723c751e8b465ee728b) (PreviewImporter) -> (artifact id: 'c25406466cb3dd55105c5fa1eedf4691') in 0.0111753 seconds
Number of updated asset objects reloaded before import = 0Number of asset objects unloaded after import = 0

