[Licensing::Module] Trying to connect to existing licensing client channel...
Built from '6000.0/staging' branch; Version is '6000.0.69f1 (5f8607f5118b) revision 6260231'; Using compiler version '193933523'; Build Type 'Release'
OS: 'Windows 11  (10.0.26200) Core' Language: 'no' Physical Memory: 24283 MB
[Licensing::IpcConnector] Successfully connected to: "LicenseClient-lanen" at "2026-04-22T11:03:26.4416291Z"
BatchMode: 1, IsHumanControllingUs: 0, StartBugReporterOnCrash: 0, Is64bit: 1
System  architecture: x64
Process architecture: x64
Date: 2026-04-22T11:03:26Z

COMMAND LINE ARGUMENTS:
C:\Program Files\Unity\Hub\Editor\6000.0.69f1\Editor\Unity.exe
-adb2
-batchMode
-noUpm
-name
AssetImportWorker0
-projectPath
C:/Unity/Game Design 2/2D Project
-logFile
Logs/AssetImportWorker0.log
-srvPort
52473
-licensingIpc
LicenseClient-lanen
-job-worker-count
7
-background-job-worker-count
8
-gc-helper-count
1
-name
AssetImport
Successfully changed project path to: C:/Unity/Game Design 2/2D Project
C:/Unity/Game Design 2/2D Project
[UnityMemory] Configuration Parameters - Can be set up in boot.config
    "memorysetup-bucket-allocator-granularity=16"
    "memorysetup-bucket-allocator-bucket-count=8"
    "memorysetup-bucket-allocator-block-size=33554432"
    "memorysetup-bucket-allocator-block-count=8"
    "memorysetup-main-allocator-block-size=16777216"
    "memorysetup-thread-allocator-block-size=16777216"
    "memorysetup-gfx-main-allocator-block-size=16777216"
    "memorysetup-gfx-thread-allocator-block-size=16777216"
    "memorysetup-cache-allocator-block-size=4194304"
    "memorysetup-typetree-allocator-block-size=2097152"
    "memorysetup-profiler-bucket-allocator-granularity=16"
    "memorysetup-profiler-bucket-allocator-bucket-count=8"
    "memorysetup-profiler-bucket-allocator-block-size=33554432"
    "memorysetup-profiler-bucket-allocator-block-count=8"
    "memorysetup-profiler-allocator-block-size=16777216"
    "memorysetup-profiler-editor-allocator-block-size=1048576"
    "memorysetup-temp-allocator-size-main=16777216"
    "memorysetup-job-temp-allocator-block-size=2097152"
    "memorysetup-job-temp-allocator-block-size-background=1048576"
    "memorysetup-job-temp-allocator-reduction-small-platforms=262144"
    "memorysetup-allocator-temp-initial-block-size-main=262144"
    "memorysetup-allocator-temp-initial-block-size-worker=262144"
    "memorysetup-temp-allocator-size-background-worker=32768"
    "memorysetup-temp-allocator-size-job-worker=262144"
    "memorysetup-temp-allocator-size-preload-manager=33554432"
    "memorysetup-temp-allocator-size-nav-mesh-worker=65536"
    "memorysetup-temp-allocator-size-audio-worker=65536"
    "memorysetup-temp-allocator-size-cloud-worker=32768"
    "memorysetup-temp-allocator-size-gi-baking-worker=262144"
    "memorysetup-temp-allocator-size-gi-baking-worker=262144"
    "memorysetup-temp-allocator-size-gi-baking-worker=262144"
    "memorysetup-temp-allocator-size-gi-baking-worker=262144"
    "memorysetup-temp-allocator-size-gi-baking-worker=262144"
    "memorysetup-temp-allocator-size-gfx=262144"
Player connection [8996]  Target information:

Player connection [8996]  * "[IP] 172.26.36.157 [Port] 0 [Flags] 2 [Guid] 4092547366 [EditorId] 4092547366 [Version] 1048832 [Id] WindowsEditor(7,Lane) [Debug] 1 [PackageName] WindowsEditor [ProjectName] Editor" 

Player connection [8996] Host joined multi-casting on [225.0.0.222:54997]...
Player connection [8996] Host joined alternative multi-casting on [225.0.0.222:34997]...
JobSystem: Creating JobQueue using job-worker-count value 7
Input System module state changed to: Initialized.
[Physics::Module] Initialized fallback backend.
[Physics::Module] Id: 0xdecafbad
Library Redirect Path: Library/
[Physics::Module] Selected backend.
[Physics::Module] Name: PhysX
[Physics::Module] Id: 0xf2b8ea05
[Physics::Module] SDK Version: 4.1.2
[Physics::Module] Integration Version: 1.0.0
[Physics::Module] Threading Mode: Multi-Threaded
Refreshing native plugins compatible for Editor in 1.96 ms, found 4 plugins.
Preloading 0 native plugins for Editor in 0.00 ms.
Initialize engine version: 6000.0.69f1 (5f8607f5118b)
[Subsystems] Discovering subsystems at path C:/Program Files/Unity/Hub/Editor/6000.0.69f1/Editor/Data/Resources/UnitySubsystems
[Subsystems] Discovering subsystems at path C:/Unity/Game Design 2/2D Project/Assets
GfxDevice: creating device client; kGfxThreadingModeNonThreaded
Direct3D:
    Version:  Direct3D 11.0 [level 11.1]
    Renderer: NVIDIA GeForce RTX 5050 Laptop GPU (ID=0x2dd8)
    Vendor:   NVIDIA
    VRAM:     7822 MB
    Driver:   32.0.15.8195
Initialize mono
Mono path[0] = 'C:/Program Files/Unity/Hub/Editor/6000.0.69f1/Editor/Data/Managed'
Mono path[1] = 'C:/Program Files/Unity/Hub/Editor/6000.0.69f1/Editor/Data/MonoBleedingEdge/lib/mono/unityjit-win32'
Mono config path = 'C:/Program Files/Unity/Hub/Editor/6000.0.69f1/Editor/Data/MonoBleedingEdge/etc'
Using monoOptions --debugger-agent=transport=dt_socket,embedding=1,server=y,suspend=n,address=127.0.0.1:56160
Begin MonoManager ReloadAssembly
Registering precompiled unity dll's ...
Register platform support module: C:/Program Files/Unity/Hub/Editor/6000.0.69f1/Editor/Data/PlaybackEngines/WebGLSupport/UnityEditor.WebGL.Extensions.dll
Register platform support module: C:/Program Files/Unity/Hub/Editor/6000.0.69f1/Editor/Data/PlaybackEngines/WindowsStandaloneSupport/UnityEditor.WindowsStandalone.Extensions.dll
[Licensing::Module] Licensing is not yet initialized.
[Licensing::Client] Handshaking with LicensingClient:
  Version:                 1.17.4+4293ba1
  Session Id:              9dc31bc85ca44983bbda9534f7a6d4ad
  Correlation Id:          13275d35691ded743965b423e2e33002
  External correlation Id: 8579506616965446442
  Machine Id:              r2jXKdTW+8m6dBmZFJoOAum/yC0=
[Licensing::Module] Successfully connected to LicensingClient on channel: "LicenseClient-lanen" (connect: 0.00s, validation: 0.00s, handshake: 0.83s)
[Licensing::IpcConnector] Successfully connected to: "LicenseClient-lanen-notifications" at "2026-04-22T11:03:27.2808821Z"
[Licensing::Module] Licensing Background thread has ended after 0.84s
[Licensing::Module] Licensing is initialized (took 0.18s).
[Licensing::Client] Successfully resolved entitlement details
[Licensing::Module] License group:
  Id: 5773931882619-UnityPersXXXX
  Product: Unity Personal
  Type: Assigned
  Expiration: Unlimited
Register platform support module: C:/Program Files/Unity/Hub/Editor/6000.0.69f1/Editor/Data/PlaybackEngines/MetroSupport/UnityEditor.UWP.Extensions.dll
Registered in 0.193257 seconds.
- Loaded All Assemblies, in  0.508 seconds
Native extension for UWP target not found
Native extension for WindowsStandalone target not found
Native extension for WebGL target not found
Package Manager log level set to [2]
[Package Manager] Failed to launch server process. Reason: Unity was launched with the -noUpm command-line argument
[Package Manager] Unable to send message (not connected to server process).
[Package Manager] Cannot connect to Unity Package Manager local server
Mono: successfully reloaded assembly
- Finished resetting the current domain, in  0.271 seconds
Domain Reload Profiling: 779ms
	BeginReloadAssembly (109ms)
		ExecutionOrderSort (0ms)
		DisableScriptedObjects (0ms)
		BackupInstance (0ms)
		ReleaseScriptingObjects (0ms)
		CreateAndSetChildDomain (1ms)
	RebuildCommonClasses (29ms)
	RebuildNativeTypeToScriptingClass (11ms)
	initialDomainReloadingComplete (231ms)
	LoadAllAssembliesAndSetupDomain (127ms)
		LoadAssemblies (107ms)
		RebuildTransferFunctionScriptingTraits (0ms)
		AnalyzeDomain (124ms)
			TypeCache.Refresh (123ms)
				TypeCache.ScanAssembly (112ms)
			BuildScriptInfoCaches (0ms)
			ResolveRequiredComponents (0ms)
	FinalizeReload (272ms)
		ReleaseScriptCaches (0ms)
		RebuildScriptCaches (0ms)
		SetupLoadedEditorAssemblies (236ms)
			LogAssemblyErrors (0ms)
			InitializePlatformSupportModulesInManaged (21ms)
			SetLoadedEditorAssemblies (4ms)
			BeforeProcessingInitializeOnLoad (47ms)
			ProcessInitializeOnLoadAttributes (120ms)
			ProcessInitializeOnLoadMethodAttributes (45ms)
			AfterProcessingInitializeOnLoad (0ms)
			EditorAssembliesLoaded (0ms)
		ExecutionOrderSort2 (0ms)
		AwakeInstancesAfterBackupRestoration (0ms)
========================================================================
Worker process is ready to serve import requests
Import Worker Mode flag is 0x00
Begin MonoManager ReloadAssembly
[Licensing::Client] Successfully resolved entitlement details
- Loaded All Assemblies, in  0.675 seconds
Refreshing native plugins compatible for Editor in 1.04 ms, found 4 plugins.
Native extension for UWP target not found
Native extension for WindowsStandalone target not found
Native extension for WebGL target not found
[Package Manager] Failed to launch server process. Reason: Unity was launched with the -noUpm command-line argument
[Package Manager] Unable to send message (not connected to server process).
[Package Manager] Cannot connect to Unity Package Manager local server
[Package Manager] Failed to launch server process. Reason: Unity was launched with the -noUpm command-line argument
[Package Manager] Unable to send message (not connected to server process).
[Package Manager] Cannot connect to Unity Package Manager local server
Mono: successfully reloaded assembly
- Finished resetting the current domain, in  0.632 seconds
Domain Reload Profiling: 1304ms
	BeginReloadAssembly (143ms)
		ExecutionOrderSort (0ms)
		DisableScriptedObjects (6ms)
		BackupInstance (0ms)
		ReleaseScriptingObjects (0ms)
		CreateAndSetChildDomain (23ms)
	RebuildCommonClasses (29ms)
	RebuildNativeTypeToScriptingClass (9ms)
	initialDomainReloadingComplete (34ms)
	LoadAllAssembliesAndSetupDomain (456ms)
		LoadAssemblies (301ms)
		RebuildTransferFunctionScriptingTraits (0ms)
		AnalyzeDomain (232ms)
			TypeCache.Refresh (164ms)
				TypeCache.ScanAssembly (151ms)
			BuildScriptInfoCaches (56ms)
			ResolveRequiredComponents (9ms)
	FinalizeReload (632ms)
		ReleaseScriptCaches (0ms)
		RebuildScriptCaches (0ms)
		SetupLoadedEditorAssemblies (516ms)
			LogAssemblyErrors (0ms)
			InitializePlatformSupportModulesInManaged (3ms)
			SetLoadedEditorAssemblies (5ms)
			BeforeProcessingInitializeOnLoad (96ms)
			ProcessInitializeOnLoadAttributes (321ms)
			ProcessInitializeOnLoadMethodAttributes (86ms)
			AfterProcessingInitializeOnLoad (5ms)
			EditorAssembliesLoaded (0ms)
		ExecutionOrderSort2 (0ms)
		AwakeInstancesAfterBackupRestoration (6ms)
Launched and connected shader compiler UnityShaderCompiler.exe after 0.01 seconds
Refreshing native plugins compatible for Editor in 1.08 ms, found 4 plugins.
Preloading 0 native plugins for Editor in 0.00 ms.
Unloading 13 Unused Serialized files (Serialized files now loaded: 0)
Unloading 6750 unused Assets / (4.9 MB). Loaded Objects now: 7457.
Memory consumption went from 148.7 MB to 143.8 MB.
Total: 7.210600 ms (FindLiveObjects: 0.568100 ms CreateObjectMapping: 0.571300 ms MarkObjects: 3.968300 ms  DeleteObjects: 2.096600 ms)

========================================================================
Received Import Request.
  Time since last request: 3470.104303 seconds.
  path: Assets/MC-Animations/Walk-Right/Right-Walk.anim
  artifactKey: Guid(91a142cf179a4f24fa87947d15852742) Importer(815301076,1909f56bfc062723c751e8b465ee728b)
Start importing Assets/MC-Animations/Walk-Right/Right-Walk.anim using Guid(91a142cf179a4f24fa87947d15852742) Importer(815301076,1909f56bfc062723c751e8b465ee728b) (PreviewImporter) -> (artifact id: 'bd41785fe0f9f89a8f6a44e0a3aa1a0b') in 0.0167936 seconds
Number of updated asset objects reloaded before import = 0Number of asset objects unloaded after import = 1

========================================================================
Received Import Request.
  Time since last request: 990.158610 seconds.
  path: Assets/MC-Animations/Idle/MC_All_Animations_-1.png
  artifactKey: Guid(0ec2288ca4a0aea4ab25a5ce7e710169) Importer(815301076,1909f56bfc062723c751e8b465ee728b)
Start importing Assets/MC-Animations/Idle/MC_All_Animations_-1.png using Guid(0ec2288ca4a0aea4ab25a5ce7e710169) Importer(815301076,1909f56bfc062723c751e8b465ee728b) (PreviewImporter)[Licensing::Client] Successfully resolved entitlement details
 -> (artifact id: 'dd64a6795de6327aa127f3fe6295f7bf') in 0.1061925 seconds
Number of updated asset objects reloaded before import = 0Number of asset objects unloaded after import = 3

========================================================================
Received Import Request.
  Time since last request: 2.845145 seconds.
  path: Assets/MC-Animations/Idle/MC_All_Animations_-2.png
  artifactKey: Guid(cc46127c356527f4cb209cf1717d7daf) Importer(2089858483,192608db42251d675da83286b1cce702)
Start importing Assets/MC-Animations/Idle/MC_All_Animations_-2.png using Guid(cc46127c356527f4cb209cf1717d7daf) Importer(2089858483,192608db42251d675da83286b1cce702) (ScriptedImporter) -> (artifact id: '0d1cadadf46d1a30b8866672a71db4fd') in 0.1991351 seconds
Number of updated asset objects reloaded before import = 0Number of asset objects unloaded after import = 4

========================================================================
Received Import Request.
  Time since last request: 0.000017 seconds.
  path: Assets/MC-Animations/Idle/MC_All_Animations_-1.png
  artifactKey: Guid(0ec2288ca4a0aea4ab25a5ce7e710169) Importer(2089858483,192608db42251d675da83286b1cce702)
Start importing Assets/MC-Animations/Idle/MC_All_Animations_-1.png using Guid(0ec2288ca4a0aea4ab25a5ce7e710169) Importer(2089858483,192608db42251d675da83286b1cce702) (ScriptedImporter) -> (artifact id: 'a210fa56859abea00654dffe73964d5a') in 0.0320663 seconds
Number of updated asset objects reloaded before import = 0Number of asset objects unloaded after import = 3

========================================================================
Received Import Request.
  Time since last request: 2.168093 seconds.
  path: Assets/MC-Animations/Idle/Idle-1.png
  artifactKey: Guid(0ec2288ca4a0aea4ab25a5ce7e710169) Importer(815301076,1909f56bfc062723c751e8b465ee728b)
Start importing Assets/MC-Animations/Idle/Idle-1.png using Guid(0ec2288ca4a0aea4ab25a5ce7e710169) Importer(815301076,1909f56bfc062723c751e8b465ee728b) (PreviewImporter) -> (artifact id: '01732f436d297785ce84ddfaf1789ce7') in 0.0247178 seconds
Number of updated asset objects reloaded before import = 0Number of asset objects unloaded after import = 3

========================================================================
Received Import Request.
  Time since last request: 0.913553 seconds.
  path: Assets/MC-Animations/Idle/Idle-1.png
  artifactKey: Guid(0ec2288ca4a0aea4ab25a5ce7e710169) Importer(2089858483,192608db42251d675da83286b1cce702)
Start importing Assets/MC-Animations/Idle/Idle-1.png using Guid(0ec2288ca4a0aea4ab25a5ce7e710169) Importer(2089858483,192608db42251d675da83286b1cce702) (ScriptedImporter) -> (artifact id: '83f274fdb86b093593b25c504f056f4c') in 0.0399052 seconds
Number of updated asset objects reloaded before import = 0Number of asset objects unloaded after import = 3

========================================================================
Received Import Request.
  Time since last request: 0.587658 seconds.
  path: Assets/MC-Animations/Idle/MC_All_Animations_-2.png
  artifactKey: Guid(cc46127c356527f4cb209cf1717d7daf) Importer(815301076,1909f56bfc062723c751e8b465ee728b)
Start importing Assets/MC-Animations/Idle/MC_All_Animations_-2.png using Guid(cc46127c356527f4cb209cf1717d7daf) Importer(815301076,1909f56bfc062723c751e8b465ee728b) (PreviewImporter) -> (artifact id: '59241ada3f2d3cf21c21eb16208fcc90') in 0.0416707 seconds
Number of updated asset objects reloaded before import = 0Number of asset objects unloaded after import = 4

========================================================================
Received Import Request.
  Time since last request: 5.188419 seconds.
  path: Assets/MC-Animations/Idle/Idle-2.png
  artifactKey: Guid(cc46127c356527f4cb209cf1717d7daf) Importer(815301076,1909f56bfc062723c751e8b465ee728b)
Start importing Assets/MC-Animations/Idle/Idle-2.png using Guid(cc46127c356527f4cb209cf1717d7daf) Importer(815301076,1909f56bfc062723c751e8b465ee728b) (PreviewImporter) -> (artifact id: '29ca21bbfc5f490c452d3ac20798092f') in 0.0278477 seconds
Number of updated asset objects reloaded before import = 0Number of asset objects unloaded after import = 4

========================================================================
Received Import Request.
  Time since last request: 0.911208 seconds.
  path: Assets/MC-Animations/Idle/Idle-2.png
  artifactKey: Guid(cc46127c356527f4cb209cf1717d7daf) Importer(2089858483,192608db42251d675da83286b1cce702)
Start importing Assets/MC-Animations/Idle/Idle-2.png using Guid(cc46127c356527f4cb209cf1717d7daf) Importer(2089858483,192608db42251d675da83286b1cce702) (ScriptedImporter) -> (artifact id: '0af3200652b6c3668ab0a036695de440') in 0.0394992 seconds
Number of updated asset objects reloaded before import = 0Number of asset objects unloaded after import = 4

========================================================================
Received Import Request.
  Time since last request: 1.230222 seconds.
  path: Assets/MC-Animations/Idle/MC_All_Animations_-3.png
  artifactKey: Guid(cc628dd6d9b2f3548bf5db39eca2fe7f) Importer(815301076,1909f56bfc062723c751e8b465ee728b)
Start importing Assets/MC-Animations/Idle/MC_All_Animations_-3.png using Guid(cc628dd6d9b2f3548bf5db39eca2fe7f) Importer(815301076,1909f56bfc062723c751e8b465ee728b) (PreviewImporter) -> (artifact id: 'd268b682f4f0dba1a74dcc9a148ec3cb') in 0.0411896 seconds
Number of updated asset objects reloaded before import = 0Number of asset objects unloaded after import = 4

========================================================================
Received Import Request.
  Time since last request: 6.534198 seconds.
  path: Assets/MC-Animations/Idle/Ilde-3.png
  artifactKey: Guid(cc628dd6d9b2f3548bf5db39eca2fe7f) Importer(815301076,1909f56bfc062723c751e8b465ee728b)
Start importing Assets/MC-Animations/Idle/Ilde-3.png using Guid(cc628dd6d9b2f3548bf5db39eca2fe7f) Importer(815301076,1909f56bfc062723c751e8b465ee728b) (PreviewImporter) -> (artifact id: 'a7e2696803241e1c53c7b46a9a776c0b') in 0.0301047 seconds
Number of updated asset objects reloaded before import = 0Number of asset objects unloaded after import = 4

========================================================================
Received Import Request.
  Time since last request: 0.905172 seconds.
  path: Assets/MC-Animations/Idle/Ilde-3.png
  artifactKey: Guid(cc628dd6d9b2f3548bf5db39eca2fe7f) Importer(2089858483,192608db42251d675da83286b1cce702)
Start importing Assets/MC-Animations/Idle/Ilde-3.png using Guid(cc628dd6d9b2f3548bf5db39eca2fe7f) Importer(2089858483,192608db42251d675da83286b1cce702) (ScriptedImporter) -> (artifact id: '2db62fd84c52aebadb6e46870b02b0da') in 0.0493927 seconds
Number of updated asset objects reloaded before import = 0Number of asset objects unloaded after import = 4

========================================================================
Received Import Request.
  Time since last request: 440.978941 seconds.
  path: Assets/MC-Animations/Walk-Right
  artifactKey: Guid(65a38fd98d00ecc4dbe29af797860c86) Importer(815301076,1909f56bfc062723c751e8b465ee728b)
Start importing Assets/MC-Animations/Walk-Right using Guid(65a38fd98d00ecc4dbe29af797860c86) Importer(815301076,1909f56bfc062723c751e8b465ee728b) (PreviewImporter) -> (artifact id: 'ee67ecc4a8ca53b193ed7e17285bb497') in 0.0011051 seconds
Number of updated asset objects reloaded before import = 0Number of asset objects unloaded after import = 0

========================================================================
Received Import Request.
  Time since last request: 0.369789 seconds.
  path: Assets/MC-Animations/Interact-Ani
  artifactKey: Guid(8cf5a6f8ecb55544ca978639eb4b5b2e) Importer(815301076,1909f56bfc062723c751e8b465ee728b)
Start importing Assets/MC-Animations/Interact-Ani using Guid(8cf5a6f8ecb55544ca978639eb4b5b2e) Importer(815301076,1909f56bfc062723c751e8b465ee728b) (PreviewImporter) -> (artifact id: '51f25d5774790be740776c2c70c35b0e') in 0.0053278 seconds
Number of updated asset objects reloaded before import = 0Number of asset objects unloaded after import = 0

